<?xml version="1.0" encoding="UTF-8"?>
<testng-results ignored="0" total="2" passed="2" failed="0" skipped="0">
  <reporter-output>
  </reporter-output>
  <suite started-at="2022-10-10T21:22:43 IST" name="Default suite" finished-at="2022-10-10T21:22:43 IST" duration-ms="67">
    <groups>
    </groups>
    <test started-at="2022-10-10T21:22:43 IST" name="Default test" finished-at="2022-10-10T21:22:43 IST" duration-ms="67">
      <class name="com.vinith.svkTest">
        <test-method signature="testlogin1()[pri:0, instance:com.vinith.svkTest@27ae2fd0]" started-at="2022-10-10T21:22:43 IST" name="testlogin1" finished-at="2022-10-10T21:22:43 IST" duration-ms="31" status="PASS">
          <reporter-output>
          </reporter-output>
        </test-method> <!-- testlogin1 -->
        <test-method signature="testlogin2()[pri:0, instance:com.vinith.svkTest@27ae2fd0]" started-at="2022-10-10T21:22:43 IST" name="testlogin2" finished-at="2022-10-10T21:22:43 IST" duration-ms="1" status="PASS">
          <reporter-output>
          </reporter-output>
        </test-method> <!-- testlogin2 -->
      </class> <!-- com.vinith.svkTest -->
    </test> <!-- Default test -->
  </suite> <!-- Default suite -->
</testng-results>
